<?xml version="1.0" encoding="UTF-8"?>
<testng-results skipped="0" failed="0" ignored="0" total="1" passed="1">
  <reporter-output>
  </reporter-output>
  <suite name="Default suite" duration-ms="124502" started-at="2021-02-19T13:38:03Z" finished-at="2021-02-19T13:40:07Z">
    <groups>
    </groups>
    <test name="Default test" duration-ms="124502" started-at="2021-02-19T13:38:03Z" finished-at="2021-02-19T13:40:07Z">
      <class name="automation.FirstTestCase">
        <test-method status="PASS" signature="test()[pri:0, instance:automation.FirstTestCase@47542153]" name="test" duration-ms="124443" started-at="2021-02-19T19:08:03Z" finished-at="2021-02-19T19:10:07Z">
          <reporter-output>
          </reporter-output>
        </test-method> <!-- test -->
      </class> <!-- automation.FirstTestCase -->
    </test> <!-- Default test -->
  </suite> <!-- Default suite -->
</testng-results>
